<?xml version="1.0" encoding="UTF-8"?>
<!-- Generated by org.testng.reporters.JUnitReportReporter -->
<testsuite hostname="IQZNGLLT012" failures="0" tests="5" name="test_package.Loginpage" time="27.202" errors="0" timestamp="2021-11-23T16:19:37 IST" skipped="0">
  <testcase classname="test_package.Loginpage" name="launch_app" time="3.411"/>
  <system-out/>
  <testcase classname="test_package.Loginpage" name="click_login" time="15.601"/>
  <system-out/>
  <testcase classname="test_package.Loginpage" name="enter_password" time="3.091"/>
  <system-out/>
  <testcase classname="test_package.Loginpage" name="get_title" time="0.012"/>
  <system-out/>
  <testcase classname="test_package.Loginpage" name="enter_username" time="5.087"/>
  <system-out/>
</testsuite> <!-- test_package.Loginpage -->
