<?xml version="1.0" encoding="UTF-8"?>
<!-- Generated by org.testng.reporters.JUnitReportReporter -->
<testsuite hostname="IQZNGLLT012" failures="0" tests="8" name="wait_package.Media_icon" time="7.706" errors="0" timestamp="2021-11-26T14:06:39 IST" skipped="0">
  <testcase classname="wait_package.Media_icon" name="launch_app" time="2.754"/>
  <system-out/>
  <testcase classname="wait_package.Media_icon" name="click_youtubeicon" time="0.758"/>
  <system-out/>
  <testcase classname="wait_package.Media_icon" name="click_youtubeicon" time="0.320"/>
  <system-out/>
  <testcase classname="wait_package.Media_icon" name="launch_app" time="2.700"/>
  <system-out/>
  <testcase classname="wait_package.Media_icon" name="click_facebook" time="0.651"/>
  <system-out/>
  <testcase classname="wait_package.Media_icon" name="click_facebook" time="0.154"/>
  <system-out/>
  <testcase classname="wait_package.Media_icon" name="click_twitter" time="0.236"/>
  <system-out/>
  <testcase classname="wait_package.Media_icon" name="click_twitter" time="0.133"/>
  <system-out/>
</testsuite> <!-- wait_package.Media_icon -->
