<?xml version="1.0" encoding="UTF-8"?>
<!-- Generated by org.testng.reporters.JUnitReportReporter -->
<testsuite hostname="IQZNGLLT012" failures="0" tests="4" name="wait_package.Explicit_Wait" time="2.696" errors="0" timestamp="2021-11-26T13:39:16 IST" skipped="0">
  <testcase classname="wait_package.Explicit_Wait" name="click_facebook" time="0.123"/>
  <system-out/>
  <testcase classname="wait_package.Explicit_Wait" name="launch_app" time="2.264"/>
  <system-out/>
  <testcase classname="wait_package.Explicit_Wait" name="click_youtubeicon" time="0.199"/>
  <system-out/>
  <testcase classname="wait_package.Explicit_Wait" name="click_twitter" time="0.110"/>
  <system-out/>
</testsuite> <!-- wait_package.Explicit_Wait -->
