<?xml version="1.0" encoding="UTF-8"?>
<!-- Generated by org.testng.reporters.JUnitReportReporter -->
<testsuite hostname="IQZNGLLT012" failures="0" tests="15" name="loginthrice_package.Loginthrice" time="157.934" errors="0" timestamp="2021-11-23T17:54:50 IST" skipped="0">
  <testcase classname="loginthrice_package.Loginthrice" name="click_login" time="64.043"/>
  <system-out/>
  <testcase classname="loginthrice_package.Loginthrice" name="enter_password" time="3.075"/>
  <system-out/>
  <testcase classname="loginthrice_package.Loginthrice" name="launch_app" time="3.205"/>
  <system-out/>
  <testcase classname="loginthrice_package.Loginthrice" name="get_title" time="0.019"/>
  <system-out/>
  <testcase classname="loginthrice_package.Loginthrice" name="enter_password" time="3.088"/>
  <system-out/>
  <testcase classname="loginthrice_package.Loginthrice" name="get_title" time="0.013"/>
  <system-out/>
  <testcase classname="loginthrice_package.Loginthrice" name="enter_username" time="5.085"/>
  <system-out/>
  <testcase classname="loginthrice_package.Loginthrice" name="launch_app" time="2.999"/>
  <system-out/>
  <testcase classname="loginthrice_package.Loginthrice" name="enter_password" time="3.089"/>
  <system-out/>
  <testcase classname="loginthrice_package.Loginthrice" name="click_login" time="44.068"/>
  <system-out/>
  <testcase classname="loginthrice_package.Loginthrice" name="launch_app" time="2.808"/>
  <system-out/>
  <testcase classname="loginthrice_package.Loginthrice" name="enter_username" time="5.082"/>
  <system-out/>
  <testcase classname="loginthrice_package.Loginthrice" name="click_login" time="16.261"/>
  <system-out/>
  <testcase classname="loginthrice_package.Loginthrice" name="get_title" time="0.013"/>
  <system-out/>
  <testcase classname="loginthrice_package.Loginthrice" name="enter_username" time="5.086"/>
  <system-out/>
</testsuite> <!-- loginthrice_package.Loginthrice -->
