<?xml version="1.0" encoding="UTF-8"?>
<!-- Generated by org.testng.reporters.JUnitReportReporter -->
<testsuite hostname="IQZNGLLT012" failures="0" tests="10" name="logintwice_package.Logintwice" time="51.059" errors="0" timestamp="2021-11-22T22:06:16 IST" skipped="0">
  <testcase classname="logintwice_package.Logintwice" name="launch_app" time="3.027"/>
  <system-out/>
  <testcase classname="logintwice_package.Logintwice" name="click_login" time="13.058"/>
  <system-out/>
  <testcase classname="logintwice_package.Logintwice" name="enter_username" time="5.087"/>
  <system-out/>
  <testcase classname="logintwice_package.Logintwice" name="enter_username" time="5.077"/>
  <system-out/>
  <testcase classname="logintwice_package.Logintwice" name="enter_password" time="3.070"/>
  <system-out/>
  <testcase classname="logintwice_package.Logintwice" name="get_title" time="0.011"/>
  <system-out/>
  <testcase classname="logintwice_package.Logintwice" name="get_title" time="0.016"/>
  <system-out/>
  <testcase classname="logintwice_package.Logintwice" name="enter_password" time="3.087"/>
  <system-out/>
  <testcase classname="logintwice_package.Logintwice" name="click_login" time="15.618"/>
  <system-out/>
  <testcase classname="logintwice_package.Logintwice" name="launch_app" time="3.008"/>
  <system-out/>
</testsuite> <!-- logintwice_package.Logintwice -->
