<?xml version="1.0" encoding="UTF-8"?>
<!-- Generated by org.testng.reporters.JUnitReportReporter -->
<testsuite hostname="IQZNGLLT012" failures="0" tests="5" name="test_package.Loginpage" time="23.060" errors="0" timestamp="2021-11-22T23:25:04 IST" skipped="0">
  <testcase classname="test_package.Loginpage" name="launch_app" time="2.795"/>
  <system-out/>
  <testcase classname="test_package.Loginpage" name="click_login" time="12.093"/>
  <system-out/>
  <testcase classname="test_package.Loginpage" name="enter_password" time="3.082"/>
  <system-out/>
  <testcase classname="test_package.Loginpage" name="get_title" time="0.011"/>
  <system-out/>
  <testcase classname="test_package.Loginpage" name="enter_username" time="5.079"/>
  <system-out/>
</testsuite> <!-- test_package.Loginpage -->
