<?xml version="1.0" encoding="UTF-8"?>
<!-- Generated by org.testng.reporters.JUnitReportReporter -->
<testsuite hostname="IQZNGLLT012" failures="0" tests="4" name="test_package.First_program" time="99.785" errors="0" timestamp="2021-11-22T17:04:36 IST" skipped="0">
  <testcase classname="test_package.First_program" name="test1" time="15.973"/>
  <system-out/>
  <testcase classname="test_package.First_program" name="test2" time="32.119"/>
  <system-out/>
  <testcase classname="test_package.First_program" name="test2" time="35.298"/>
  <system-out/>
  <testcase classname="test_package.First_program" name="test1" time="16.395"/>
  <system-out/>
</testsuite> <!-- test_package.First_program -->
