<?xml version="1.0" encoding="UTF-8"?>
<!-- Generated by org.testng.reporters.JUnitReportReporter -->
<testsuite hostname="IQZNGLLT012" failures="0" tests="4" name="impliwait_package.Implicit_Wait" time="8.944" errors="0" timestamp="2021-11-26T14:15:04 IST" skipped="0">
  <testcase classname="impliwait_package.Implicit_Wait" name="enter_password" time="0.044"/>
  <system-out/>
  <testcase classname="impliwait_package.Implicit_Wait" name="enter_username" time="0.062"/>
  <system-out/>
  <testcase classname="impliwait_package.Implicit_Wait" name="launch_app" time="3.580"/>
  <system-out/>
  <testcase classname="impliwait_package.Implicit_Wait" name="click_login" time="5.258"/>
  <system-out/>
</testsuite> <!-- impliwait_package.Implicit_Wait -->
