<?xml version="1.0" encoding="UTF-8"?>
<!-- Generated by org.testng.reporters.JUnitReportReporter -->
<testsuite hostname="IQZNGLLT012" failures="0" tests="4" name="impliwait_package.Implicit_Wait" time="13.120" errors="0" timestamp="2021-11-26T16:32:56 IST" skipped="0">
  <testcase classname="impliwait_package.Implicit_Wait" name="launch_app" time="2.006"/>
  <system-out/>
  <testcase classname="impliwait_package.Implicit_Wait" name="click_login" time="11.022"/>
  <system-out/>
  <testcase classname="impliwait_package.Implicit_Wait" name="enter_username" time="0.052"/>
  <system-out/>
  <testcase classname="impliwait_package.Implicit_Wait" name="enter_password" time="0.040"/>
  <system-out/>
</testsuite> <!-- impliwait_package.Implicit_Wait -->
