<?xml version="1.0" encoding="UTF-8"?>
<!-- Generated by org.testng.reporters.JUnitReportReporter -->
<testsuite hostname="IQZNGLLT012" failures="0" tests="4" name="test_package.First_program" time="49.301" errors="0" timestamp="2021-11-21T19:29:22 IST" skipped="0">
  <testcase classname="test_package.First_program" name="test2" time="12.356"/>
  <system-out/>
  <testcase classname="test_package.First_program" name="test1" time="12.208"/>
  <system-out/>
  <testcase classname="test_package.First_program" name="test1" time="12.546"/>
  <system-out/>
  <testcase classname="test_package.First_program" name="test2" time="12.191"/>
  <system-out/>
</testsuite> <!-- test_package.First_program -->
