<?xml version="1.0" encoding="UTF-8"?>
<!-- Generated by org.testng.reporters.JUnitReportReporter -->
<testsuite hostname="IQZNGLLT012" failures="0" tests="5" name="wait_package.Explicit_Wait" time="15.974" errors="0" timestamp="2021-11-26T14:14:34 IST" skipped="0">
  <testcase classname="wait_package.Explicit_Wait" name="enter_password" time="0.131"/>
  <system-out/>
  <testcase classname="wait_package.Explicit_Wait" name="get_title" time="0.274"/>
  <system-out/>
  <testcase classname="wait_package.Explicit_Wait" name="launch_app" time="1.744"/>
  <system-out/>
  <testcase classname="wait_package.Explicit_Wait" name="enter_username" time="0.146"/>
  <system-out/>
  <testcase classname="wait_package.Explicit_Wait" name="click_login" time="13.679"/>
  <system-out/>
</testsuite> <!-- wait_package.Explicit_Wait -->
