<?xml version="1.0" encoding="UTF-8"?>
<!-- Generated by org.testng.reporters.JUnitReportReporter -->
<testsuite hostname="IQZNGLLT012" failures="0" tests="5" name="wait_package.Explicit_Wait" time="13.923" errors="0" timestamp="2021-11-26T16:23:57 IST" skipped="0">
  <testcase classname="wait_package.Explicit_Wait" name="enter_username" time="0.135"/>
  <system-out/>
  <testcase classname="wait_package.Explicit_Wait" name="click_login" time="11.890"/>
  <system-out/>
  <testcase classname="wait_package.Explicit_Wait" name="get_title" time="0.018"/>
  <system-out/>
  <testcase classname="wait_package.Explicit_Wait" name="enter_password" time="0.128"/>
  <system-out/>
  <testcase classname="wait_package.Explicit_Wait" name="launch_app" time="1.752"/>
  <system-out/>
</testsuite> <!-- wait_package.Explicit_Wait -->
