<?xml version="1.0" encoding="UTF-8"?>
<!-- Generated by org.testng.reporters.JUnitReportReporter -->
<testsuite hostname="IQZNGLLT012" failures="0" tests="10" name="logintwice_package.Logintwice" time="55.998" errors="0" timestamp="2021-11-23T16:35:49 IST" skipped="0">
  <testcase classname="logintwice_package.Logintwice" name="click_login" time="14.543"/>
  <system-out/>
  <testcase classname="logintwice_package.Logintwice" name="get_title" time="0.015"/>
  <system-out/>
  <testcase classname="logintwice_package.Logintwice" name="launch_app" time="3.577"/>
  <system-out/>
  <testcase classname="logintwice_package.Logintwice" name="launch_app" time="3.181"/>
  <system-out/>
  <testcase classname="logintwice_package.Logintwice" name="enter_username" time="5.086"/>
  <system-out/>
  <testcase classname="logintwice_package.Logintwice" name="get_title" time="0.018"/>
  <system-out/>
  <testcase classname="logintwice_package.Logintwice" name="click_login" time="18.317"/>
  <system-out/>
  <testcase classname="logintwice_package.Logintwice" name="enter_password" time="3.081"/>
  <system-out/>
  <testcase classname="logintwice_package.Logintwice" name="enter_username" time="5.083"/>
  <system-out/>
  <testcase classname="logintwice_package.Logintwice" name="enter_password" time="3.097"/>
  <system-out/>
</testsuite> <!-- logintwice_package.Logintwice -->
