<?xml version="1.0" encoding="UTF-8"?>
<!-- Generated by org.testng.reporters.JUnitReportReporter -->
<testsuite hostname="IQZNGLLT012" failures="0" tests="5" name="test_package.Loginpage" time="24.774" errors="0" timestamp="2021-11-22T21:51:21 IST" skipped="0">
  <testcase classname="test_package.Loginpage" name="enter_username" time="5.100"/>
  <system-out/>
  <testcase classname="test_package.Loginpage" name="launch_app" time="2.870"/>
  <system-out/>
  <testcase classname="test_package.Loginpage" name="enter_password" time="3.100"/>
  <system-out/>
  <testcase classname="test_package.Loginpage" name="click_login" time="13.689"/>
  <system-out/>
  <testcase classname="test_package.Loginpage" name="get_title" time="0.015"/>
  <system-out/>
</testsuite> <!-- test_package.Loginpage -->
