<?xml version="1.0" encoding="UTF-8"?>
<!-- Generated by org.testng.reporters.JUnitReportReporter -->
<testsuite hostname="IQZNGLLT012" failures="0" tests="5" name="logintwice_package.Valid_Login" time="31.622" errors="0" timestamp="2021-11-23T19:51:55 IST" skipped="0">
  <testcase classname="logintwice_package.Valid_Login" name="enter_password" time="3.088"/>
  <system-out/>
  <testcase classname="logintwice_package.Valid_Login" name="enter_username" time="5.084"/>
  <system-out/>
  <testcase classname="logintwice_package.Valid_Login" name="click_login" time="20.053"/>
  <system-out/>
  <testcase classname="logintwice_package.Valid_Login" name="launch_app" time="3.381"/>
  <system-out/>
  <testcase classname="logintwice_package.Valid_Login" name="get_title" time="0.016"/>
  <system-out/>
</testsuite> <!-- logintwice_package.Valid_Login -->
