<?xml version="1.0" encoding="UTF-8"?>
<!-- Generated by org.testng.reporters.JUnitReportReporter -->
<testsuite hostname="IQZNGLLT012" failures="0" tests="4" name="logintwice_package.Invalid_Login" time="12.997" errors="0" timestamp="2021-11-23T19:51:55 IST" skipped="0">
  <testcase classname="logintwice_package.Invalid_Login" name="click_login" time="1.801"/>
  <system-out/>
  <testcase classname="logintwice_package.Invalid_Login" name="enter_username" time="5.086"/>
  <system-out/>
  <testcase classname="logintwice_package.Invalid_Login" name="launch_app" time="3.019"/>
  <system-out/>
  <testcase classname="logintwice_package.Invalid_Login" name="enter_password" time="3.091"/>
  <system-out/>
</testsuite> <!-- logintwice_package.Invalid_Login -->
