<?xml version="1.0" encoding="UTF-8"?>
<!-- Generated by org.testng.reporters.JUnitReportReporter -->
<testsuite hostname="IQZNGLLT012" failures="0" tests="4" name="test.Cross_browser" time="82.436" errors="0" timestamp="2021-11-23T16:40:48 IST" skipped="0">
  <testcase classname="test.Cross_browser" name="test2" time="24.772"/>
  <system-out/>
  <testcase classname="test.Cross_browser" name="test1" time="17.441"/>
  <system-out/>
  <testcase classname="test.Cross_browser" name="test2" time="24.098"/>
  <system-out/>
  <testcase classname="test.Cross_browser" name="test1" time="16.125"/>
  <system-out/>
</testsuite> <!-- test.Cross_browser -->
